<?xml version="1.0" encoding="UTF-8"?>
<!-- Generated by org.testng.reporters.JUnitReportReporter -->
<testsuite hostname="DESKTOP-ALIH8F5" failures="0" tests="9" name="redBusTestNG.RedBusHomePageTestNGSuite2" time="72.147" errors="0" timestamp="2023-02-12T14:45:50 IST" skipped="0">
  <testcase classname="redBusTestNG.RedBusHomePageTestNGSuite2" name="toverifyChennaiBusTicketsLink" time="13.236"/>
  <system-out/>
  <testcase classname="redBusTestNG.RedBusHomePageTestNGSuite2" name="toVerifyPuneBusTicketsLink" time="5.711"/>
  <system-out/>
  <testcase classname="redBusTestNG.RedBusHomePageTestNGSuite2" name="toVerifyBrandTrustReportLink" time="5.849"/>
  <system-out/>
  <testcase classname="redBusTestNG.RedBusHomePageTestNGSuite2" name="toverifyChennaiBusTicketsLink" time="6.206"/>
  <system-out/>
  <testcase classname="redBusTestNG.RedBusHomePageTestNGSuite2" name="toverifyChennaiBusTicketsLink" time="4.392"/>
  <system-out/>
  <testcase classname="redBusTestNG.RedBusHomePageTestNGSuite2" name="toVerifyBrandTrustReportLink" time="14.512"/>
  <system-out/>
  <testcase classname="redBusTestNG.RedBusHomePageTestNGSuite2" name="toVerifyBrandTrustReportLink" time="12.261"/>
  <system-out/>
  <testcase classname="redBusTestNG.RedBusHomePageTestNGSuite2" name="toVerifyPuneBusTicketsLink" time="5.351"/>
  <system-out/>
  <testcase classname="redBusTestNG.RedBusHomePageTestNGSuite2" name="toVerifyPuneBusTicketsLink" time="4.629"/>
  <system-out/>
</testsuite> <!-- redBusTestNG.RedBusHomePageTestNGSuite2 -->
