<?xml version="1.0" encoding="UTF-8"?>
<!-- Generated by org.testng.reporters.JUnitReportReporter -->
<testsuite hostname="DESKTOP-ALIH8F5" failures="0" tests="1" name="redBusTestNG.RedBusTestNGSearchBus" time="7.809" errors="0" timestamp="2023-02-02T21:25:09 IST" skipped="0">
  <testcase classname="redBusTestNG.RedBusTestNGSearchBus" name="SearchBus" time="7.809"/>
  <system-out/>
</testsuite> <!-- redBusTestNG.RedBusTestNGSearchBus -->
